<?xml version="1.0" encoding="UTF-8"?>
<!-- Generated by org.testng.reporters.JUnitXMLReporter -->
<testsuite ignored="0" hostname="ramkrishnas-mbp.lan" failures="0" tests="5" name="RegressionTest" time="69.722" errors="0" timestamp="2024-02-19T22:46:54 CST">
  <testcase classname="com.salesforce.automationtests.LoginTests" name="checkRememberMeTC3" time="22.17"/>
  <testcase classname="com.salesforce.automationtests.LoginTests" name="errorMessageLoginTC1" time="2.285"/>
  <testcase classname="com.salesforce.automationtests.LoginTests" name="forgetPasswordTC4A" time="8.168"/>
  <testcase classname="com.salesforce.automationtests.LoginTests" name="forgetPasswordTC4B" time="5.286"/>
  <testcase classname="com.salesforce.automationtests.LoginTests" name="salesforce_LoginTC2" time="5.307"/>
</testsuite> <!-- RegressionTest -->
