<?xml version="1.0" encoding="UTF-8"?>
<!-- Generated by org.testng.reporters.JUnitXMLReporter -->
<testsuite ignored="4" hostname="ramkrishnas-mbp.lan" failures="0" tests="1" name="Default test" time="9.374" errors="0" timestamp="2024-02-19T23:36:46 CST">
  <testcase classname="com.salesforce.automationtests.LoginTests" name="errorMessageLoginTC1" time="2.213"/>
  <testcase classname="com.salesforce.automationtests.LoginTests" name="salesforce_LoginTC2" time="0.0">
    <ignored/>
  </testcase> <!-- salesforce_LoginTC2 -->
  <testcase classname="com.salesforce.automationtests.LoginTests" name="forgetPasswordTC4B" time="0.0">
    <ignored/>
  </testcase> <!-- forgetPasswordTC4B -->
  <testcase classname="com.salesforce.automationtests.LoginTests" name="forgetPasswordTC4A" time="0.0">
    <ignored/>
  </testcase> <!-- forgetPasswordTC4A -->
  <testcase classname="com.salesforce.automationtests.LoginTests" name="checkRememberMeTC3" time="0.0">
    <ignored/>
  </testcase> <!-- checkRememberMeTC3 -->
</testsuite> <!-- Default test -->
