<?xml version="1.0" encoding="UTF-8"?>
<testng-results ignored="4" total="5" passed="1" failed="0" skipped="0">
  <reporter-output>
  </reporter-output>
  <suite started-at="2024-02-19T23:36:37 CST" name="Default suite" finished-at="2024-02-19T23:36:46 CST" duration-ms="9374">
    <groups>
    </groups>
    <test started-at="2024-02-19T23:36:37 CST" name="Default test" finished-at="2024-02-19T23:36:46 CST" duration-ms="9374">
      <class name="com.salesforce.automationtests.LoginTests">
        <test-method is-config="true" signature="setUpBeforeMethod(java.lang.String)[pri:0, instance:com.salesforce.automationtests.LoginTests@7859e786]" started-at="2024-02-19T23:36:37 CST" name="setUpBeforeMethod" finished-at="2024-02-19T23:36:43 CST" duration-ms="6500" status="PASS">
          <params>
            <param index="0">
              <value>
                <![CDATA[chrome]]>
              </value>
            </param>
          </params>
          <reporter-output>
          </reporter-output>
        </test-method> <!-- setUpBeforeMethod -->
        <test-method signature="errorMessageLoginTC1()[pri:0, instance:com.salesforce.automationtests.LoginTests@7859e786]" started-at="2024-02-19T23:36:43 CST" name="errorMessageLoginTC1" finished-at="2024-02-19T23:36:46 CST" duration-ms="2213" status="PASS">
          <reporter-output>
          </reporter-output>
        </test-method> <!-- errorMessageLoginTC1 -->
        <test-method is-config="true" signature="tearDownAfterTestMethod()[pri:0, instance:com.salesforce.automationtests.LoginTests@7859e786]" started-at="2024-02-19T23:36:46 CST" name="tearDownAfterTestMethod" finished-at="2024-02-19T23:36:46 CST" duration-ms="300" status="PASS">
          <reporter-output>
          </reporter-output>
        </test-method> <!-- tearDownAfterTestMethod -->
      </class> <!-- com.salesforce.automationtests.LoginTests -->
    </test> <!-- Default test -->
  </suite> <!-- Default suite -->
</testng-results>
